

================================================================
== Vitis HLS Report for 'mergeSort_Pipeline_VITIS_LOOP_42_7'
================================================================
* Date:           Fri Dec  9 10:27:50 2022

* Version:        2022.2 (Build 3670227 on Oct 13 2022)
* Project:        MergeSort
* Solution:       solution1 (Vivado IP Flow Target)
* Product family: zynq
* Target device:  xc7z010-clg400-1


================================================================
== Performance Estimates
================================================================
+ Timing: 
    * Summary: 
    +--------+----------+----------+------------+
    |  Clock |  Target  | Estimated| Uncertainty|
    +--------+----------+----------+------------+
    |ap_clk  |  10.00 ns|  4.110 ns|     2.70 ns|
    +--------+----------+----------+------------+

+ Latency: 
    * Summary: 
    +---------+---------+----------+----------+-----+-----+---------+
    |  Latency (cycles) |  Latency (absolute) |  Interval | Pipeline|
    |   min   |   max   |    min   |    max   | min | max |   Type  |
    +---------+---------+----------+----------+-----+-----+---------+
    |        ?|        ?|         ?|         ?|    ?|    ?|       no|
    +---------+---------+----------+----------+-----+-----+---------+

    + Detail: 
        * Instance: 
        N/A

        * Loop: 
        +-------------------+---------+---------+----------+-----------+-----------+------+----------+
        |                   |  Latency (cycles) | Iteration|  Initiation Interval  | Trip |          |
        |     Loop Name     |   min   |   max   |  Latency |  achieved |   target  | Count| Pipelined|
        +-------------------+---------+---------+----------+-----------+-----------+------+----------+
        |- VITIS_LOOP_42_7  |        ?|        ?|         2|          1|          1|     ?|       yes|
        +-------------------+---------+---------+----------+-----------+-----------+------+----------+



================================================================
== Utilization Estimates
================================================================
* Summary: 
+-----------------+---------+----+-------+-------+-----+
|       Name      | BRAM_18K| DSP|   FF  |  LUT  | URAM|
+-----------------+---------+----+-------+-------+-----+
|DSP              |        -|   -|      -|      -|    -|
|Expression       |        -|   -|      0|     58|    -|
|FIFO             |        -|   -|      -|      -|    -|
|Instance         |        -|   -|      -|      -|    -|
|Memory           |        -|   -|      -|      -|    -|
|Multiplexer      |        -|   -|      -|     36|    -|
|Register         |        -|   -|     34|      -|    -|
+-----------------+---------+----+-------+-------+-----+
|Total            |        0|   0|     34|     94|    0|
+-----------------+---------+----+-------+-------+-----+
|Available        |      120|  80|  35200|  17600|    0|
+-----------------+---------+----+-------+-------+-----+
|Utilization (%)  |        0|   0|     ~0|     ~0|    0|
+-----------------+---------+----+-------+-------+-----+

+ Detail: 
    * Instance: 
    N/A

    * DSP: 
    N/A

    * Memory: 
    N/A

    * FIFO: 
    N/A

    * Expression: 
    +--------------------+----------+----+---+----+------------+------------+
    |    Variable Name   | Operation| DSP| FF| LUT| Bitwidth P0| Bitwidth P1|
    +--------------------+----------+----+---+----+------------+------------+
    |add_ln42_fu_69_p2   |         +|   0|  0|  38|          31|           1|
    |icmp_ln42_fu_63_p2  |      icmp|   0|  0|  18|          32|          32|
    |ap_enable_pp0       |       xor|   0|  0|   2|           1|           2|
    +--------------------+----------+----+---+----+------------+------------+
    |Total               |          |   0|  0|  58|          64|          35|
    +--------------------+----------+----+---+----+------------+------------+

    * Multiplexer: 
    +-------------------------+----+-----------+-----+-----------+
    |           Name          | LUT| Input Size| Bits| Total Bits|
    +-------------------------+----+-----------+-----+-----------+
    |ap_done_int              |   9|          2|    1|          2|
    |ap_enable_reg_pp0_iter1  |   9|          2|    1|          2|
    |ap_sig_allocacmp_i_1     |   9|          2|   31|         62|
    |i_fu_28                  |   9|          2|   31|         62|
    +-------------------------+----+-----------+-----+-----------+
    |Total                    |  36|          8|   64|        128|
    +-------------------------+----+-----------+-----+-----------+

    * Register: 
    +-------------------------+----+----+-----+-----------+
    |           Name          | FF | LUT| Bits| Const Bits|
    +-------------------------+----+----+-----+-----------+
    |ap_CS_fsm                |   1|   0|    1|          0|
    |ap_done_reg              |   1|   0|    1|          0|
    |ap_enable_reg_pp0_iter1  |   1|   0|    1|          0|
    |i_fu_28                  |  31|   0|   31|          0|
    +-------------------------+----+----+-----+-----------+
    |Total                    |  34|   0|   34|          0|
    +-------------------------+----+----+-----+-----------+



================================================================
== Interface
================================================================
* Summary: 
+------------------+-----+-----+------------+------------------------------------+--------------+
|     RTL Ports    | Dir | Bits|  Protocol  |            Source Object           |    C Type    |
+------------------+-----+-----+------------+------------------------------------+--------------+
|ap_clk            |   in|    1|  ap_ctrl_hs|  mergeSort_Pipeline_VITIS_LOOP_42_7|  return value|
|ap_rst            |   in|    1|  ap_ctrl_hs|  mergeSort_Pipeline_VITIS_LOOP_42_7|  return value|
|ap_start          |   in|    1|  ap_ctrl_hs|  mergeSort_Pipeline_VITIS_LOOP_42_7|  return value|
|ap_done           |  out|    1|  ap_ctrl_hs|  mergeSort_Pipeline_VITIS_LOOP_42_7|  return value|
|ap_idle           |  out|    1|  ap_ctrl_hs|  mergeSort_Pipeline_VITIS_LOOP_42_7|  return value|
|ap_ready          |  out|    1|  ap_ctrl_hs|  mergeSort_Pipeline_VITIS_LOOP_42_7|  return value|
|n                 |   in|   32|     ap_none|                                   n|        scalar|
|temp_address0     |  out|    5|   ap_memory|                                temp|         array|
|temp_ce0          |  out|    1|   ap_memory|                                temp|         array|
|temp_q0           |   in|   32|   ap_memory|                                temp|         array|
|arr_1_out         |  out|   32|      ap_vld|                           arr_1_out|       pointer|
|arr_1_out_ap_vld  |  out|    1|      ap_vld|                           arr_1_out|       pointer|
+------------------+-----+-----+------------+------------------------------------+--------------+

