   Build using "D:/Software/Embeded/xilinx/Vitis_HLS/2022.2/tps/win64/msys64/mingw64/bin/g++"
   Compiling apatb_group3.cpp
   Compiling (apcc) mergesort_tb.c_pre.c.tb.c
INFO: [HLS 200-10] Running 'D:/Software/Embeded/xilinx/Vitis_HLS/2022.2/bin/unwrapped/win64.o/apcc.exe'
INFO: [HLS 200-10] For user 'SAS' on host 'desktop-noapfmr' (Windows NT_amd64 version 6.2) on Fri Dec 09 11:15:50 +0100 2022
INFO: [HLS 200-10] In directory 'E:/USN_Education/VitisCode/MergeSort/MergeSort/solution1/sim/wrapc'
clang: warning: argument unused during compilation: '-fno-builtin-isinf'
clang: warning: argument unused during compilation: '-fno-builtin-isnan'
INFO: [APCC 202-3] Tmp directory is apcc_db
INFO: [APCC 202-1] APCC is done.
INFO: [HLS 200-112] Total CPU user time: 0 seconds. Total CPU system time: 0 seconds. Total elapsed time: 3.296 seconds; peak allocated memory: 7.359 MB.
   Compiling (apcc) mergesort.c_pre.c.tb.c
INFO: [HLS 200-10] Running 'D:/Software/Embeded/xilinx/Vitis_HLS/2022.2/bin/unwrapped/win64.o/apcc.exe'
INFO: [HLS 200-10] For user 'SAS' on host 'desktop-noapfmr' (Windows NT_amd64 version 6.2) on Fri Dec 09 11:15:56 +0100 2022
INFO: [HLS 200-10] In directory 'E:/USN_Education/VitisCode/MergeSort/MergeSort/solution1/sim/wrapc'
clang: warning: argument unused during compilation: '-fno-builtin-isinf'
clang: warning: argument unused during compilation: '-fno-builtin-isnan'
INFO: [APCC 202-3] Tmp directory is apcc_db
INFO: [APCC 202-1] APCC is done.
INFO: [HLS 200-112] Total CPU user time: 0 seconds. Total CPU system time: 0 seconds. Total elapsed time: 1.244 seconds; peak allocated memory: 7.555 MB.
   Compiling apatb_group3_ir.ll
   Generating cosim.tv.exe
