

================================================================
== Vitis HLS Report for 'group3'
================================================================
* Date:           Fri Dec  9 10:27:50 2022

* Version:        2022.2 (Build 3670227 on Oct 13 2022)
* Project:        MergeSort
* Solution:       solution1 (Vivado IP Flow Target)
* Product family: zynq
* Target device:  xc7z010-clg400-1


================================================================
== Performance Estimates
================================================================
+ Timing: 
    * Summary: 
    +--------+----------+----------+------------+
    |  Clock |  Target  | Estimated| Uncertainty|
    +--------+----------+----------+------------+
    |ap_clk  |  10.00 ns|  6.923 ns|     2.70 ns|
    +--------+----------+----------+------------+

+ Latency: 
    * Summary: 
    +---------+---------+----------+----------+-----+-----+---------+
    |  Latency (cycles) |  Latency (absolute) |  Interval | Pipeline|
    |   min   |   max   |    min   |    max   | min | max |   Type  |
    +---------+---------+----------+----------+-----+-----+---------+
    |        ?|        ?|         ?|         ?|    ?|    ?|       no|
    +---------+---------+----------+----------+-----+-----+---------+

    + Detail: 
        * Instance: 
        +---------------------+-----------+---------+---------+----------+----------+-----+-----+---------+
        |                     |           |  Latency (cycles) |  Latency (absolute) |  Interval | Pipeline|
        |       Instance      |   Module  |   min   |   max   |    min   |    max   | min | max |   Type  |
        +---------------------+-----------+---------+---------+----------+----------+-----+-----+---------+
        |grp_mergeSort_fu_84  |mergeSort  |        ?|        ?|         ?|         ?|    ?|    ?|       no|
        +---------------------+-----------+---------+---------+----------+----------+-----+-----+---------+

        * Loop: 
        +-------------------+---------+---------+----------+-----------+-----------+------+----------+
        |                   |  Latency (cycles) | Iteration|  Initiation Interval  | Trip |          |
        |     Loop Name     |   min   |   max   |  Latency |  achieved |   target  | Count| Pipelined|
        +-------------------+---------+---------+----------+-----------+-----------+------+----------+
        |- VITIS_LOOP_56_1  |        ?|        ?|         2|          1|          1|     ?|       yes|
        +-------------------+---------+---------+----------+-----------+-----------+------+----------+



================================================================
== Utilization Estimates
================================================================
* Summary: 
+-----------------+---------+----+-------+-------+-----+
|       Name      | BRAM_18K| DSP|   FF  |  LUT  | URAM|
+-----------------+---------+----+-------+-------+-----+
|DSP              |        -|   -|      -|      -|    -|
|Expression       |        -|   -|      0|     60|    -|
|FIFO             |        -|   -|      -|      -|    -|
|Instance         |        0|   -|   1634|   2271|    0|
|Memory           |        -|   -|      -|      -|    -|
|Multiplexer      |        -|   -|      -|     48|    -|
|Register         |        -|   -|    134|      -|    -|
+-----------------+---------+----+-------+-------+-----+
|Total            |        0|   0|   1768|   2379|    0|
+-----------------+---------+----+-------+-------+-----+
|Available        |      120|  80|  35200|  17600|    0|
+-----------------+---------+----+-------+-------+-----+
|Utilization (%)  |        0|   0|      5|     13|    0|
+-----------------+---------+----+-------+-------+-----+

+ Detail: 
    * Instance: 
    +---------------------+---------------+---------+----+------+------+-----+
    |       Instance      |     Module    | BRAM_18K| DSP|  FF  |  LUT | URAM|
    +---------------------+---------------+---------+----+------+------+-----+
    |control_s_axi_U      |control_s_axi  |        0|   0|   188|   296|    0|
    |grp_mergeSort_fu_84  |mergeSort      |        0|   0|  1446|  1975|    0|
    +---------------------+---------------+---------+----+------+------+-----+
    |Total                |               |        0|   0|  1634|  2271|    0|
    +---------------------+---------------+---------+----+------+------+-----+

    * DSP: 
    N/A

    * Memory: 
    N/A

    * FIFO: 
    N/A

    * Expression: 
    +-------------------------+----------+----+---+----+------------+------------+
    |      Variable Name      | Operation| DSP| FF| LUT| Bitwidth P0| Bitwidth P1|
    +-------------------------+----------+----+---+----+------------+------------+
    |add_ln56_fu_110_p2       |         +|   0|  0|  38|          31|           1|
    |icmp_ln56_fu_105_p2      |      icmp|   0|  0|  18|          32|          32|
    |ap_enable_pp0            |       xor|   0|  0|   2|           1|           2|
    |ap_enable_reg_pp0_iter1  |       xor|   0|  0|   2|           2|           1|
    +-------------------------+----------+----+---+----+------------+------------+
    |Total                    |          |   0|  0|  60|          66|          36|
    +-------------------------+----------+----+---+----+------------+------------+

    * Multiplexer: 
    +-------------------------+----+-----------+-----+-----------+
    |           Name          | LUT| Input Size| Bits| Total Bits|
    +-------------------------+----+-----------+-----+-----------+
    |ap_NS_fsm                |  25|          5|    1|          5|
    |ap_enable_reg_pp0_iter1  |  14|          3|    1|          3|
    |i_fu_54                  |   9|          2|   31|         62|
    +-------------------------+----+-----------+-----+-----------+
    |Total                    |  48|         10|   33|         70|
    +-------------------------+----+-----------+-----+-----------+

    * Register: 
    +----------------------------------+----+----+-----+-----------+
    |               Name               | FF | LUT| Bits| Const Bits|
    +----------------------------------+----+----+-----+-----------+
    |ap_CS_fsm                         |   4|   0|    4|          0|
    |ap_enable_reg_pp0_iter0           |   1|   0|    1|          0|
    |ap_enable_reg_pp0_iter1           |   1|   0|    1|          0|
    |array_r_read_reg_134              |  32|   0|   32|          0|
    |array_size_read_reg_128           |  32|   0|   32|          0|
    |call_ret_reg_139                  |  32|   0|   32|          0|
    |grp_mergeSort_fu_84_ap_start_reg  |   1|   0|    1|          0|
    |i_fu_54                           |  31|   0|   31|          0|
    +----------------------------------+----+----+-----+-----------+
    |Total                             | 134|   0|  134|          0|
    +----------------------------------+----+----+-----+-----------+



================================================================
== Interface
================================================================
* Summary: 
+-----------------------+-----+-----+------------+--------------+--------------+
|       RTL Ports       | Dir | Bits|  Protocol  | Source Object|    C Type    |
+-----------------------+-----+-----+------------+--------------+--------------+
|s_axi_control_AWVALID  |   in|    1|       s_axi|       control|       pointer|
|s_axi_control_AWREADY  |  out|    1|       s_axi|       control|       pointer|
|s_axi_control_AWADDR   |   in|    6|       s_axi|       control|       pointer|
|s_axi_control_WVALID   |   in|    1|       s_axi|       control|       pointer|
|s_axi_control_WREADY   |  out|    1|       s_axi|       control|       pointer|
|s_axi_control_WDATA    |   in|   32|       s_axi|       control|       pointer|
|s_axi_control_WSTRB    |   in|    4|       s_axi|       control|       pointer|
|s_axi_control_ARVALID  |   in|    1|       s_axi|       control|       pointer|
|s_axi_control_ARREADY  |  out|    1|       s_axi|       control|       pointer|
|s_axi_control_ARADDR   |   in|    6|       s_axi|       control|       pointer|
|s_axi_control_RVALID   |  out|    1|       s_axi|       control|       pointer|
|s_axi_control_RREADY   |   in|    1|       s_axi|       control|       pointer|
|s_axi_control_RDATA    |  out|   32|       s_axi|       control|       pointer|
|s_axi_control_RRESP    |  out|    2|       s_axi|       control|       pointer|
|s_axi_control_BVALID   |  out|    1|       s_axi|       control|       pointer|
|s_axi_control_BREADY   |   in|    1|       s_axi|       control|       pointer|
|s_axi_control_BRESP    |  out|    2|       s_axi|       control|       pointer|
|ap_clk                 |   in|    1|  ap_ctrl_hs|        group3|  return value|
|ap_rst_n               |   in|    1|  ap_ctrl_hs|        group3|  return value|
|interrupt              |  out|    1|  ap_ctrl_hs|        group3|  return value|
+-----------------------+-----+-----+------------+--------------+--------------+

============================================================
+ Verbose Summary: Synthesis Manager
============================================================
InlineROM: 1
ExposeGlobal: 0
============================================================
+ Verbose Summary: CDFG Model
============================================================
IsTopModel: 1
ResetActiveHigh: 1
IsCombinational: 2
IsDatapathOnly: 2
HasWiredReturn: 1
HasMFsm: 2
HasVarLatency: 1
IsPipeline: 0
IsRtlPipelined: 0
IsInstanceOverlapped: 0
IsDontTouch: 0
HasImplIP: 0
IsGatedGlobalClock: 0

+ Individual pipeline summary: 
  * Pipeline-0: initiation interval (II) = 1, depth = 2


============================================================
+ Verbose Summary: Schedule
============================================================
* Number of FSM states : 5
* Pipeline : 1
  Pipeline-0 : II = 1, D = 2, States = { 3 4 }
* Dataflow Pipeline: 0

* FSM state transitions: 
1 --> 2 
2 --> 3 
3 --> 5 4 
4 --> 3 
5 --> 

* FSM state operations: 

State 1 <SV = 0> <Delay = 3.55>
ST_1 : Operation 6 [1/1] (0.00ns)   --->   "%i = alloca i32 1"   --->   Operation 6 'alloca' 'i' <Predicate = true> <Delay = 0.00>
ST_1 : Operation 7 [1/1] (1.00ns)   --->   "%array_size_read = read i32 @_ssdm_op_Read.s_axilite.i32, i32 %array_size" [mergesort.c:48]   --->   Operation 7 'read' 'array_size_read' <Predicate = true> <Delay = 1.00> <CoreInst = "s_axilite">   --->   Core 114 's_axilite' <Latency = 0> <II = 1> <Delay = 1.00> <Adapter> <Opcode : 'read' 'write'>
ST_1 : Operation 8 [1/1] (1.00ns)   --->   "%array_r_read = read i32 @_ssdm_op_Read.s_axilite.i32P0A, i32 %array_r" [mergesort.c:54]   --->   Operation 8 'read' 'array_r_read' <Predicate = true> <Delay = 1.00> <CoreInst = "s_axilite">   --->   Core 114 's_axilite' <Latency = 0> <II = 1> <Delay = 1.00> <Adapter> <Opcode : 'read' 'write'>
ST_1 : Operation 9 [2/2] (2.55ns)   --->   "%call_ret = call i32 @mergeSort, i32 %array_r_read, i32 %array_size_read" [mergesort.c:54]   --->   Operation 9 'call' 'call_ret' <Predicate = true> <Delay = 2.55> <CoreType = "Generic">   --->   Core 0 '' <Latency = 0> <II = 1> <Delay = 1.00> <Generic> <Opcode : >
ST_1 : Operation 10 [1/1] (1.58ns)   --->   "%store_ln56 = store i31 0, i31 %i" [mergesort.c:56]   --->   Operation 10 'store' 'store_ln56' <Predicate = true> <Delay = 1.58>

State 2 <SV = 1> <Delay = 1.00>
ST_2 : Operation 11 [1/1] (0.00ns)   --->   "%spectopmodule_ln48 = spectopmodule void @_ssdm_op_SpecTopModule, void @empty_13" [mergesort.c:48]   --->   Operation 11 'spectopmodule' 'spectopmodule_ln48' <Predicate = true> <Delay = 0.00>
ST_2 : Operation 12 [1/1] (0.00ns)   --->   "%specbitsmap_ln0 = specbitsmap void @_ssdm_op_SpecBitsMap, i32 %array_r"   --->   Operation 12 'specbitsmap' 'specbitsmap_ln0' <Predicate = true> <Delay = 0.00>
ST_2 : Operation 13 [1/1] (0.00ns)   --->   "%specinterface_ln0 = specinterface void @_ssdm_op_SpecInterface, i32 %array_r, void @empty, i32 0, i32 0, void @empty_0, i32 0, i32 0, void @empty_1, void @empty_2, void @empty_0, i32 0, i32 0, i32 0, i32 0, void @empty_0, void @empty_0, i32 4294967295, i32 0"   --->   Operation 13 'specinterface' 'specinterface_ln0' <Predicate = true> <Delay = 0.00>
ST_2 : Operation 14 [1/1] (0.00ns)   --->   "%specinterface_ln0 = specinterface void @_ssdm_op_SpecInterface, i32 %array_r, void @empty_3, i32 0, i32 0, void @empty_0, i32 0, i32 0, void @empty_0, void @empty_0, void @empty_0, i32 0, i32 0, i32 0, i32 0, void @empty_0, void @empty_0, i32 4294967295, i32 0"   --->   Operation 14 'specinterface' 'specinterface_ln0' <Predicate = true> <Delay = 0.00>
ST_2 : Operation 15 [1/1] (0.00ns)   --->   "%specbitsmap_ln0 = specbitsmap void @_ssdm_op_SpecBitsMap, i32 %array_size"   --->   Operation 15 'specbitsmap' 'specbitsmap_ln0' <Predicate = true> <Delay = 0.00>
ST_2 : Operation 16 [1/1] (0.00ns)   --->   "%specinterface_ln0 = specinterface void @_ssdm_op_SpecInterface, i32 %array_size, void @empty, i32 0, i32 0, void @empty_0, i32 0, i32 0, void @empty_1, void @empty_4, void @empty_0, i32 0, i32 0, i32 0, i32 0, void @empty_0, void @empty_0, i32 4294967295, i32 0"   --->   Operation 16 'specinterface' 'specinterface_ln0' <Predicate = true> <Delay = 0.00>
ST_2 : Operation 17 [1/1] (0.00ns)   --->   "%specinterface_ln0 = specinterface void @_ssdm_op_SpecInterface, i32 %array_size, void @empty_3, i32 0, i32 0, void @empty_0, i32 0, i32 0, void @empty_0, void @empty_0, void @empty_0, i32 0, i32 0, i32 0, i32 0, void @empty_0, void @empty_0, i32 4294967295, i32 0"   --->   Operation 17 'specinterface' 'specinterface_ln0' <Predicate = true> <Delay = 0.00>
ST_2 : Operation 18 [1/1] (0.00ns)   --->   "%specbitsmap_ln0 = specbitsmap void @_ssdm_op_SpecBitsMap, i32 %output_r"   --->   Operation 18 'specbitsmap' 'specbitsmap_ln0' <Predicate = true> <Delay = 0.00>
ST_2 : Operation 19 [1/1] (0.00ns)   --->   "%specinterface_ln0 = specinterface void @_ssdm_op_SpecInterface, i32 %output_r, void @empty, i32 0, i32 0, void @empty_0, i32 0, i32 0, void @empty_1, void @empty_5, void @empty_0, i32 0, i32 0, i32 0, i32 0, void @empty_0, void @empty_0, i32 4294967295, i32 0"   --->   Operation 19 'specinterface' 'specinterface_ln0' <Predicate = true> <Delay = 0.00>
ST_2 : Operation 20 [1/1] (0.00ns)   --->   "%specinterface_ln0 = specinterface void @_ssdm_op_SpecInterface, i32 %output_r, void @empty_3, i32 0, i32 0, void @empty_0, i32 0, i32 0, void @empty_0, void @empty_0, void @empty_0, i32 0, i32 0, i32 0, i32 0, void @empty_0, void @empty_0, i32 4294967295, i32 0"   --->   Operation 20 'specinterface' 'specinterface_ln0' <Predicate = true> <Delay = 0.00>
ST_2 : Operation 21 [1/1] (0.00ns)   --->   "%specinterface_ln0 = specinterface void @_ssdm_op_SpecInterface, i32 0, void @empty, i32 0, i32 0, void @empty_0, i32 0, i32 0, void @empty_1, void @empty_0, void @empty_0, i32 0, i32 0, i32 0, i32 0, void @empty_0, void @empty_0, i32 4294967295, i32 0"   --->   Operation 21 'specinterface' 'specinterface_ln0' <Predicate = true> <Delay = 0.00>
ST_2 : Operation 22 [1/2] (0.00ns)   --->   "%call_ret = call i32 @mergeSort, i32 %array_r_read, i32 %array_size_read" [mergesort.c:54]   --->   Operation 22 'call' 'call_ret' <Predicate = true> <Delay = 0.00> <CoreType = "Generic">   --->   Core 0 '' <Latency = 0> <II = 1> <Delay = 1.00> <Generic> <Opcode : >
ST_2 : Operation 23 [1/1] (1.00ns)   --->   "%write_ln54 = write void @_ssdm_op_Write.s_axilite.i32P0A, i32 %array_r, i32 %call_ret" [mergesort.c:54]   --->   Operation 23 'write' 'write_ln54' <Predicate = true> <Delay = 1.00> <CoreInst = "s_axilite">   --->   Core 114 's_axilite' <Latency = 0> <II = 1> <Delay = 1.00> <Adapter> <Opcode : 'read' 'write'>
ST_2 : Operation 24 [1/1] (0.00ns)   --->   "%br_ln56 = br void %for.inc" [mergesort.c:56]   --->   Operation 24 'br' 'br_ln56' <Predicate = true> <Delay = 0.00>

State 3 <SV = 2> <Delay = 4.11>
ST_3 : Operation 25 [1/1] (0.00ns)   --->   "%i_load = load i31 %i"   --->   Operation 25 'load' 'i_load' <Predicate = true> <Delay = 0.00>
ST_3 : Operation 26 [1/1] (0.00ns)   --->   "%i_cast = zext i31 %i_load"   --->   Operation 26 'zext' 'i_cast' <Predicate = true> <Delay = 0.00>
ST_3 : Operation 27 [1/1] (0.00ns)   --->   "%specpipeline_ln0 = specpipeline void @_ssdm_op_SpecPipeline, i32 4294967295, i32 0, i32 1, i32 0, void @p_str"   --->   Operation 27 'specpipeline' 'specpipeline_ln0' <Predicate = true> <Delay = 0.00>
ST_3 : Operation 28 [1/1] (2.47ns)   --->   "%icmp_ln56 = icmp_slt  i32 %i_cast, i32 %array_size_read" [mergesort.c:56]   --->   Operation 28 'icmp' 'icmp_ln56' <Predicate = true> <Delay = 2.47> <CoreInst = "Cmp">   --->   Core 9 'Cmp' <Latency = 0> <II = 1> <Delay = 2.47> <FuncUnit> <Opcode : 'icmp'> <InPorts = 2> <OutPorts = 1>
ST_3 : Operation 29 [1/1] (2.52ns)   --->   "%add_ln56 = add i31 %i_load, i31 1"   --->   Operation 29 'add' 'add_ln56' <Predicate = true> <Delay = 2.52> <CoreInst = "Adder">   --->   Core 1 'Adder' <Latency = 0> <II = 1> <Delay = 2.52> <FuncUnit> <Opcode : 'add' 'sub'> <InPorts = 2> <OutPorts = 1>
ST_3 : Operation 30 [1/1] (0.00ns)   --->   "%br_ln56 = br i1 %icmp_ln56, void %for.end.loopexit, void %for.inc.split" [mergesort.c:56]   --->   Operation 30 'br' 'br_ln56' <Predicate = true> <Delay = 0.00>
ST_3 : Operation 31 [1/1] (1.58ns)   --->   "%store_ln56 = store i31 %add_ln56, i31 %i" [mergesort.c:56]   --->   Operation 31 'store' 'store_ln56' <Predicate = (icmp_ln56)> <Delay = 1.58>

State 4 <SV = 3> <Delay = 1.00>
ST_4 : Operation 32 [1/1] (0.00ns)   --->   "%specloopname_ln56 = specloopname void @_ssdm_op_SpecLoopName, void @empty_14" [mergesort.c:56]   --->   Operation 32 'specloopname' 'specloopname_ln56' <Predicate = true> <Delay = 0.00>
ST_4 : Operation 33 [1/1] (1.00ns)   --->   "%write_ln57 = write void @_ssdm_op_Write.s_axilite.i32P0A, i32 %output_r, i32 %call_ret" [mergesort.c:57]   --->   Operation 33 'write' 'write_ln57' <Predicate = true> <Delay = 1.00> <CoreInst = "s_axilite">   --->   Core 114 's_axilite' <Latency = 0> <II = 1> <Delay = 1.00> <Adapter> <Opcode : 'read' 'write'>
ST_4 : Operation 34 [1/1] (0.00ns)   --->   "%br_ln56 = br void %for.inc" [mergesort.c:56]   --->   Operation 34 'br' 'br_ln56' <Predicate = true> <Delay = 0.00>

State 5 <SV = 3> <Delay = 0.00>
ST_5 : Operation 35 [1/1] (0.00ns)   --->   "%ret_ln59 = ret" [mergesort.c:59]   --->   Operation 35 'ret' 'ret_ln59' <Predicate = true> <Delay = 0.00>


============================================================
+ Verbose Summary: Binding
============================================================
STG Binding: 
---------------- STG Properties BEGIN ----------------
- Is combinational: 0
- Is one-state seq: 0
- Is datapath-only: 0
- Is pipelined: 0
- Is top level: 1
Port [ Return ] is wired: 1; IO mode=ap_ctrl_hs:ce=0
Port [ array_r]:  wired=1; compound=0; hidden=0; nouse=0; global=0; static=0; extern=0; dir=2; type=0; pingpong=0; private_global=0; IO mode=ap_ovld:ce=0
Port [ array_size]:  wired=1; compound=0; hidden=0; nouse=0; global=0; static=0; extern=0; dir=0; type=0; pingpong=0; private_global=0; IO mode=ap_none:ce=0
Port [ output_r]:  wired=1; compound=0; hidden=0; nouse=0; global=0; static=0; extern=0; dir=1; type=0; pingpong=0; private_global=0; IO mode=ap_vld:ce=0
---------------- STG Properties END ------------------

---------------- Datapath Model BEGIN ----------------

<LifeTime>
<method=bitvector/>
i                  (alloca       ) [ 011110]
array_size_read    (read         ) [ 001110]
array_r_read       (read         ) [ 001000]
store_ln56         (store        ) [ 000000]
spectopmodule_ln48 (spectopmodule) [ 000000]
specbitsmap_ln0    (specbitsmap  ) [ 000000]
specinterface_ln0  (specinterface) [ 000000]
specinterface_ln0  (specinterface) [ 000000]
specbitsmap_ln0    (specbitsmap  ) [ 000000]
specinterface_ln0  (specinterface) [ 000000]
specinterface_ln0  (specinterface) [ 000000]
specbitsmap_ln0    (specbitsmap  ) [ 000000]
specinterface_ln0  (specinterface) [ 000000]
specinterface_ln0  (specinterface) [ 000000]
specinterface_ln0  (specinterface) [ 000000]
call_ret           (call         ) [ 000110]
write_ln54         (write        ) [ 000000]
br_ln56            (br           ) [ 000000]
i_load             (load         ) [ 000000]
i_cast             (zext         ) [ 000000]
specpipeline_ln0   (specpipeline ) [ 000000]
icmp_ln56          (icmp         ) [ 000110]
add_ln56           (add          ) [ 000000]
br_ln56            (br           ) [ 000000]
store_ln56         (store        ) [ 000000]
specloopname_ln56  (specloopname ) [ 000000]
write_ln57         (write        ) [ 000000]
br_ln56            (br           ) [ 000000]
ret_ln59           (ret          ) [ 000000]
</LifeTime>

<model>

<comp_list>
<comp id="0" class="1000" name="array_r">
<pin_list>
<pin id="1" dir="1" index="0" bw="1" slack="0"/>
</pin_list>
<bind>
<StgValue><ssdm name="array_r"/></StgValue>
</bind>
</comp>

<comp id="2" class="1000" name="array_size">
<pin_list>
<pin id="3" dir="1" index="0" bw="1" slack="0"/>
</pin_list>
<bind>
<StgValue><ssdm name="array_size"/></StgValue>
</bind>
</comp>

<comp id="4" class="1000" name="output_r">
<pin_list>
<pin id="5" dir="1" index="0" bw="1" slack="0"/>
</pin_list>
<bind>
<StgValue><ssdm name="output_r"/></StgValue>
</bind>
</comp>

<comp id="6" class="1001" name="const_6">
<pin_list>
<pin id="7" dir="1" index="0" bw="1" slack="0"/>
</pin_list>
<bind>
<StgValue><ssdm name=""/></StgValue>
</bind>
</comp>

<comp id="8" class="1001" name="const_8">
<pin_list>
<pin id="9" dir="1" index="0" bw="1" slack="0"/>
</pin_list>
<bind>
<StgValue><ssdm name="_ssdm_op_Read.s_axilite.i32"/></StgValue>
</bind>
</comp>

<comp id="10" class="1001" name="const_10">
<pin_list>
<pin id="11" dir="1" index="0" bw="1" slack="0"/>
</pin_list>
<bind>
<StgValue><ssdm name="_ssdm_op_Read.s_axilite.i32P0A"/></StgValue>
</bind>
</comp>

<comp id="12" class="1001" name="const_12">
<pin_list>
<pin id="13" dir="1" index="0" bw="1" slack="0"/>
</pin_list>
<bind>
<StgValue><ssdm name="mergeSort"/></StgValue>
</bind>
</comp>

<comp id="14" class="1001" name="const_14">
<pin_list>
<pin id="15" dir="1" index="0" bw="1" slack="0"/>
</pin_list>
<bind>
<StgValue><ssdm name=""/></StgValue>
</bind>
</comp>

<comp id="16" class="1001" name="const_16">
<pin_list>
<pin id="17" dir="1" index="0" bw="1" slack="2147483647"/>
</pin_list>
<bind>
<StgValue><ssdm name="_ssdm_op_SpecTopModule"/></StgValue>
</bind>
</comp>

<comp id="18" class="1001" name="const_18">
<pin_list>
<pin id="19" dir="1" index="0" bw="1" slack="2147483647"/>
</pin_list>
<bind>
<StgValue><ssdm name="empty_13"/></StgValue>
</bind>
</comp>

<comp id="20" class="1001" name="const_20">
<pin_list>
<pin id="21" dir="1" index="0" bw="1" slack="2147483647"/>
</pin_list>
<bind>
<StgValue><ssdm name="_ssdm_op_SpecBitsMap"/></StgValue>
</bind>
</comp>

<comp id="22" class="1001" name="const_22">
<pin_list>
<pin id="23" dir="1" index="0" bw="1" slack="2147483647"/>
</pin_list>
<bind>
<StgValue><ssdm name="_ssdm_op_SpecInterface"/></StgValue>
</bind>
</comp>

<comp id="24" class="1001" name="const_24">
<pin_list>
<pin id="25" dir="1" index="0" bw="1" slack="2147483647"/>
</pin_list>
<bind>
<StgValue><ssdm name="empty"/></StgValue>
</bind>
</comp>

<comp id="26" class="1001" name="const_26">
<pin_list>
<pin id="27" dir="1" index="0" bw="1" slack="2147483647"/>
</pin_list>
<bind>
<StgValue><ssdm name=""/></StgValue>
</bind>
</comp>

<comp id="28" class="1001" name="const_28">
<pin_list>
<pin id="29" dir="1" index="0" bw="1" slack="2147483647"/>
</pin_list>
<bind>
<StgValue><ssdm name="empty_0"/></StgValue>
</bind>
</comp>

<comp id="30" class="1001" name="const_30">
<pin_list>
<pin id="31" dir="1" index="0" bw="1" slack="2147483647"/>
</pin_list>
<bind>
<StgValue><ssdm name="empty_1"/></StgValue>
</bind>
</comp>

<comp id="32" class="1001" name="const_32">
<pin_list>
<pin id="33" dir="1" index="0" bw="1" slack="2147483647"/>
</pin_list>
<bind>
<StgValue><ssdm name="empty_2"/></StgValue>
</bind>
</comp>

<comp id="34" class="1001" name="const_34">
<pin_list>
<pin id="35" dir="1" index="0" bw="1" slack="2147483647"/>
</pin_list>
<bind>
<StgValue><ssdm name=""/></StgValue>
</bind>
</comp>

<comp id="36" class="1001" name="const_36">
<pin_list>
<pin id="37" dir="1" index="0" bw="1" slack="2147483647"/>
</pin_list>
<bind>
<StgValue><ssdm name="empty_3"/></StgValue>
</bind>
</comp>

<comp id="38" class="1001" name="const_38">
<pin_list>
<pin id="39" dir="1" index="0" bw="1" slack="2147483647"/>
</pin_list>
<bind>
<StgValue><ssdm name="empty_4"/></StgValue>
</bind>
</comp>

<comp id="40" class="1001" name="const_40">
<pin_list>
<pin id="41" dir="1" index="0" bw="1" slack="2147483647"/>
</pin_list>
<bind>
<StgValue><ssdm name="empty_5"/></StgValue>
</bind>
</comp>

<comp id="42" class="1001" name="const_42">
<pin_list>
<pin id="43" dir="1" index="0" bw="1" slack="0"/>
</pin_list>
<bind>
<StgValue><ssdm name="_ssdm_op_Write.s_axilite.i32P0A"/></StgValue>
</bind>
</comp>

<comp id="44" class="1001" name="const_44">
<pin_list>
<pin id="45" dir="1" index="0" bw="1" slack="2147483647"/>
</pin_list>
<bind>
<StgValue><ssdm name="_ssdm_op_SpecPipeline"/></StgValue>
</bind>
</comp>

<comp id="46" class="1001" name="const_46">
<pin_list>
<pin id="47" dir="1" index="0" bw="1" slack="2147483647"/>
</pin_list>
<bind>
<StgValue><ssdm name="p_str"/></StgValue>
</bind>
</comp>

<comp id="48" class="1001" name="const_48">
<pin_list>
<pin id="49" dir="1" index="0" bw="1" slack="0"/>
</pin_list>
<bind>
<StgValue><ssdm name=""/></StgValue>
</bind>
</comp>

<comp id="50" class="1001" name="const_50">
<pin_list>
<pin id="51" dir="1" index="0" bw="1" slack="2147483647"/>
</pin_list>
<bind>
<StgValue><ssdm name="_ssdm_op_SpecLoopName"/></StgValue>
</bind>
</comp>

<comp id="52" class="1001" name="const_52">
<pin_list>
<pin id="53" dir="1" index="0" bw="1" slack="2147483647"/>
</pin_list>
<bind>
<StgValue><ssdm name="empty_14"/></StgValue>
</bind>
</comp>

<comp id="54" class="1004" name="i_fu_54">
<pin_list>
<pin id="55" dir="0" index="0" bw="1" slack="0"/>
<pin id="56" dir="1" index="1" bw="31" slack="0"/>
</pin_list>
<bind>
<opcode="alloca(26) " fcode="alloca"/>
<opset="i/1 "/>
</bind>
</comp>

<comp id="58" class="1004" name="array_size_read_read_fu_58">
<pin_list>
<pin id="59" dir="0" index="0" bw="32" slack="0"/>
<pin id="60" dir="0" index="1" bw="32" slack="0"/>
<pin id="61" dir="1" index="2" bw="32" slack="0"/>
</pin_list>
<bind>
<opcode="read(1150) " fcode="read"/>
<opset="array_size_read/1 "/>
</bind>
</comp>

<comp id="64" class="1004" name="array_r_read_read_fu_64">
<pin_list>
<pin id="65" dir="0" index="0" bw="32" slack="0"/>
<pin id="66" dir="0" index="1" bw="32" slack="0"/>
<pin id="67" dir="1" index="2" bw="32" slack="0"/>
</pin_list>
<bind>
<opcode="read(1150) " fcode="read"/>
<opset="array_r_read/1 "/>
</bind>
</comp>

<comp id="70" class="1004" name="write_ln54_write_fu_70">
<pin_list>
<pin id="71" dir="0" index="0" bw="0" slack="0"/>
<pin id="72" dir="0" index="1" bw="32" slack="0"/>
<pin id="73" dir="0" index="2" bw="32" slack="0"/>
<pin id="74" dir="1" index="3" bw="0" slack="2147483647"/>
</pin_list>
<bind>
<opcode="write(1151) " fcode="write"/>
<opset="write_ln54/2 "/>
</bind>
</comp>

<comp id="77" class="1004" name="write_ln57_write_fu_77">
<pin_list>
<pin id="78" dir="0" index="0" bw="0" slack="0"/>
<pin id="79" dir="0" index="1" bw="32" slack="0"/>
<pin id="80" dir="0" index="2" bw="32" slack="2"/>
<pin id="81" dir="1" index="3" bw="0" slack="2147483647"/>
</pin_list>
<bind>
<opcode="write(1151) " fcode="write"/>
<opset="write_ln57/4 "/>
</bind>
</comp>

<comp id="84" class="1004" name="grp_mergeSort_fu_84">
<pin_list>
<pin id="85" dir="0" index="0" bw="32" slack="0"/>
<pin id="86" dir="0" index="1" bw="32" slack="0"/>
<pin id="87" dir="0" index="2" bw="32" slack="0"/>
<pin id="88" dir="1" index="3" bw="32" slack="0"/>
</pin_list>
<bind>
<opcode="call(48) " fcode="call"/>
<opset="call_ret/1 "/>
</bind>
</comp>

<comp id="93" class="1004" name="store_ln56_store_fu_93">
<pin_list>
<pin id="94" dir="0" index="0" bw="1" slack="0"/>
<pin id="95" dir="0" index="1" bw="31" slack="0"/>
<pin id="96" dir="1" index="2" bw="0" slack="2147483647"/>
</pin_list>
<bind>
<opcode="store(28) " fcode="store"/>
<opset="store_ln56/1 "/>
</bind>
</comp>

<comp id="98" class="1004" name="i_load_load_fu_98">
<pin_list>
<pin id="99" dir="0" index="0" bw="31" slack="2"/>
<pin id="100" dir="1" index="1" bw="31" slack="0"/>
</pin_list>
<bind>
<opcode="load(27) " fcode="load"/>
<opset="i_load/3 "/>
</bind>
</comp>

<comp id="101" class="1004" name="i_cast_fu_101">
<pin_list>
<pin id="102" dir="0" index="0" bw="31" slack="0"/>
<pin id="103" dir="1" index="1" bw="32" slack="0"/>
</pin_list>
<bind>
<opcode="zext(34) " fcode="zext"/>
<opset="i_cast/3 "/>
</bind>
</comp>

<comp id="105" class="1004" name="icmp_ln56_fu_105">
<pin_list>
<pin id="106" dir="0" index="0" bw="32" slack="0"/>
<pin id="107" dir="0" index="1" bw="32" slack="2"/>
<pin id="108" dir="1" index="2" bw="1" slack="2147483647"/>
</pin_list>
<bind>
<opcode="icmp(45) " fcode="icmp"/>
<opset="icmp_ln56/3 "/>
</bind>
</comp>

<comp id="110" class="1004" name="add_ln56_fu_110">
<pin_list>
<pin id="111" dir="0" index="0" bw="31" slack="0"/>
<pin id="112" dir="0" index="1" bw="1" slack="0"/>
<pin id="113" dir="1" index="2" bw="31" slack="0"/>
</pin_list>
<bind>
<opcode="add(8) " fcode="add"/>
<opset="add_ln56/3 "/>
</bind>
</comp>

<comp id="116" class="1004" name="store_ln56_store_fu_116">
<pin_list>
<pin id="117" dir="0" index="0" bw="31" slack="0"/>
<pin id="118" dir="0" index="1" bw="31" slack="2"/>
<pin id="119" dir="1" index="2" bw="0" slack="2147483647"/>
</pin_list>
<bind>
<opcode="store(28) " fcode="store"/>
<opset="store_ln56/3 "/>
</bind>
</comp>

<comp id="121" class="1005" name="i_reg_121">
<pin_list>
<pin id="122" dir="0" index="0" bw="31" slack="0"/>
<pin id="123" dir="1" index="1" bw="31" slack="0"/>
</pin_list>
<bind>
<opset="i "/>
</bind>
</comp>

<comp id="128" class="1005" name="array_size_read_reg_128">
<pin_list>
<pin id="129" dir="0" index="0" bw="32" slack="1"/>
<pin id="130" dir="1" index="1" bw="32" slack="1"/>
</pin_list>
<bind>
<opset="array_size_read "/>
</bind>
</comp>

<comp id="134" class="1005" name="array_r_read_reg_134">
<pin_list>
<pin id="135" dir="0" index="0" bw="32" slack="1"/>
<pin id="136" dir="1" index="1" bw="32" slack="1"/>
</pin_list>
<bind>
<opset="array_r_read "/>
</bind>
</comp>

<comp id="139" class="1005" name="call_ret_reg_139">
<pin_list>
<pin id="140" dir="0" index="0" bw="32" slack="2"/>
<pin id="141" dir="1" index="1" bw="32" slack="2"/>
</pin_list>
<bind>
<opset="call_ret "/>
</bind>
</comp>

</comp_list>

<net_list>
<net id="57"><net_src comp="6" pin="0"/><net_sink comp="54" pin=0"/></net>

<net id="62"><net_src comp="8" pin="0"/><net_sink comp="58" pin=0"/></net>

<net id="63"><net_src comp="2" pin="0"/><net_sink comp="58" pin=1"/></net>

<net id="68"><net_src comp="10" pin="0"/><net_sink comp="64" pin=0"/></net>

<net id="69"><net_src comp="0" pin="0"/><net_sink comp="64" pin=1"/></net>

<net id="75"><net_src comp="42" pin="0"/><net_sink comp="70" pin=0"/></net>

<net id="76"><net_src comp="0" pin="0"/><net_sink comp="70" pin=1"/></net>

<net id="82"><net_src comp="42" pin="0"/><net_sink comp="77" pin=0"/></net>

<net id="83"><net_src comp="4" pin="0"/><net_sink comp="77" pin=1"/></net>

<net id="89"><net_src comp="84" pin="3"/><net_sink comp="70" pin=2"/></net>

<net id="90"><net_src comp="12" pin="0"/><net_sink comp="84" pin=0"/></net>

<net id="91"><net_src comp="64" pin="2"/><net_sink comp="84" pin=1"/></net>

<net id="92"><net_src comp="58" pin="2"/><net_sink comp="84" pin=2"/></net>

<net id="97"><net_src comp="14" pin="0"/><net_sink comp="93" pin=0"/></net>

<net id="104"><net_src comp="98" pin="1"/><net_sink comp="101" pin=0"/></net>

<net id="109"><net_src comp="101" pin="1"/><net_sink comp="105" pin=0"/></net>

<net id="114"><net_src comp="98" pin="1"/><net_sink comp="110" pin=0"/></net>

<net id="115"><net_src comp="48" pin="0"/><net_sink comp="110" pin=1"/></net>

<net id="120"><net_src comp="110" pin="2"/><net_sink comp="116" pin=0"/></net>

<net id="124"><net_src comp="54" pin="1"/><net_sink comp="121" pin=0"/></net>

<net id="125"><net_src comp="121" pin="1"/><net_sink comp="93" pin=1"/></net>

<net id="126"><net_src comp="121" pin="1"/><net_sink comp="98" pin=0"/></net>

<net id="127"><net_src comp="121" pin="1"/><net_sink comp="116" pin=1"/></net>

<net id="131"><net_src comp="58" pin="2"/><net_sink comp="128" pin=0"/></net>

<net id="132"><net_src comp="128" pin="1"/><net_sink comp="84" pin=2"/></net>

<net id="133"><net_src comp="128" pin="1"/><net_sink comp="105" pin=1"/></net>

<net id="137"><net_src comp="64" pin="2"/><net_sink comp="134" pin=0"/></net>

<net id="138"><net_src comp="134" pin="1"/><net_sink comp="84" pin=1"/></net>

<net id="142"><net_src comp="84" pin="3"/><net_sink comp="139" pin=0"/></net>

<net id="143"><net_src comp="139" pin="1"/><net_sink comp="77" pin=2"/></net>

</net_list>

</model> 
---------------- Datapath Model END ------------------

* FSMD analyzer results:
  - Output states:
	Port: array_r | {2 }
	Port: output_r | {4 }
 - Input state : 
	Port: group3 : array_r | {1 }
	Port: group3 : array_size | {1 }
  - Chain level:
	State 1
		store_ln56 : 1
	State 2
		write_ln54 : 1
	State 3
		i_cast : 1
		icmp_ln56 : 2
		add_ln56 : 1
		br_ln56 : 3
		store_ln56 : 2
	State 4
	State 5


============================================================
+ Verbose Summary: Datapath Resource usage 
============================================================

* Functional unit list:
|----------|----------------------------|---------|---------|---------|---------|---------|
| Operation|       Functional Unit      |   BRAM  |  Delay  |    FF   |   LUT   |   URAM  |
|----------|----------------------------|---------|---------|---------|---------|---------|
|   call   |     grp_mergeSort_fu_84    |    0    |  14.292 |   1802  |   1605  |    0    |
|----------|----------------------------|---------|---------|---------|---------|---------|
|    add   |       add_ln56_fu_110      |    0    |    0    |    0    |    38   |    0    |
|----------|----------------------------|---------|---------|---------|---------|---------|
|   icmp   |      icmp_ln56_fu_105      |    0    |    0    |    0    |    18   |    0    |
|----------|----------------------------|---------|---------|---------|---------|---------|
|   read   | array_size_read_read_fu_58 |    0    |    0    |    0    |    0    |    0    |
|          |   array_r_read_read_fu_64  |    0    |    0    |    0    |    0    |    0    |
|----------|----------------------------|---------|---------|---------|---------|---------|
|   write  |   write_ln54_write_fu_70   |    0    |    0    |    0    |    0    |    0    |
|          |   write_ln57_write_fu_77   |    0    |    0    |    0    |    0    |    0    |
|----------|----------------------------|---------|---------|---------|---------|---------|
|   zext   |        i_cast_fu_101       |    0    |    0    |    0    |    0    |    0    |
|----------|----------------------------|---------|---------|---------|---------|---------|
|   Total  |                            |    0    |  14.292 |   1802  |   1661  |    0    |
|----------|----------------------------|---------|---------|---------|---------|---------|

Memories:
N/A

* Register list:
+-----------------------+--------+
|                       |   FF   |
+-----------------------+--------+
|  array_r_read_reg_134 |   32   |
|array_size_read_reg_128|   32   |
|    call_ret_reg_139   |   32   |
|       i_reg_121       |   31   |
+-----------------------+--------+
|         Total         |   127  |
+-----------------------+--------+

* Multiplexer (MUX) list: 
|---------------------|------|------|------|--------||---------||---------|
|         Comp        |  Pin | Size |  BW  | S x BW ||  Delay  ||   LUT   |
|---------------------|------|------|------|--------||---------||---------|
| grp_mergeSort_fu_84 |  p1  |   2  |  32  |   64   ||    9    |
| grp_mergeSort_fu_84 |  p2  |   2  |  32  |   64   ||    9    |
|---------------------|------|------|------|--------||---------||---------|
|        Total        |      |      |      |   128  ||  3.176  ||    18   |
|---------------------|------|------|------|--------||---------||---------|



* Summary:
+-----------+--------+--------+--------+--------+--------+
|           |  BRAM  |  Delay |   FF   |   LUT  |  URAM  |
+-----------+--------+--------+--------+--------+--------+
|  Function |    0   |   14   |  1802  |  1661  |    0   |
|   Memory  |    -   |    -   |    -   |    -   |    -   |
|Multiplexer|    -   |    3   |    -   |   18   |    -   |
|  Register |    -   |    -   |   127  |    -   |    -   |
+-----------+--------+--------+--------+--------+--------+
|   Total   |    0   |   17   |  1929  |  1679  |    0   |
+-----------+--------+--------+--------+--------+--------+
